#
# There is insufficient memory for the Java Runtime Environment to continue.
# Native memory allocation (mmap) failed to map 65536 bytes for Failed to commit metaspace.
# Possible reasons:
#   The system is out of physical RAM or swap space
#   The process is running with CompressedOops enabled, and the Java Heap may be blocking the growth of the native heap
# Possible solutions:
#   Reduce memory load on the system
#   Increase physical memory or swap space
#   Check if swap backing store is full
#   Decrease Java heap size (-Xmx/-Xms)
#   Decrease number of Java threads
#   Decrease Java thread stack sizes (-Xss)
#   Set larger code cache with -XX:ReservedCodeCacheSize=
#   JVM is running with Unscaled Compressed Oops mode in which the Java heap is
#     placed in the first 4GB address space. The Java Heap base address is the
#     maximum limit for the native heap growth. Please use -XX:HeapBaseMinAddress
#     to set the Java Heap base and to place the Java Heap above 4GB virtual address.
# This output file may be truncated or incomplete.
#
#  Out of Memory Error (virtualSpaceNode.cpp:110), pid=14308, tid=22260
#
# JRE version: OpenJDK Runtime Environment Temurin-17.0.6+10 (17.0.6+10) (build 17.0.6+10)
# Java VM: OpenJDK 64-Bit Server VM Temurin-17.0.6+10 (17.0.6+10, mixed mode, emulated-client, tiered, compressed oops, compressed class ptrs, g1 gc, windows-amd64)
# No core dump will be written. Minidumps are not enabled by default on client versions of Windows
#

---------------  S U M M A R Y ------------

Command Line: -Dcom.sun.management.jmxremote -Dcom.sun.management.jmxremote.port=53883 -Dcom.sun.management.jmxremote.authenticate=false -Dcom.sun.management.jmxremote.ssl=false -Djava.rmi.server.hostname=localhost -Dspring.jmx.enabled=true -Dmanagement.endpoints.jmx.exposure.include=* -Dspring.application.admin.enabled=true --add-opens=java.base/java.nio=ALL-UNNAMED -XX:TieredStopAtLevel=1 -Dspring.boot.project.name=order-service -Dfile.encoding=UTF-8 -XX:+ShowCodeDetailsInExceptionMessages snow.orderService.orderservice.OrderServiceApplication --spring.output.ansi.enabled=always

Host: Intel(R) Core(TM) i7-10510U CPU @ 1.80GHz, 8 cores, 7G,  Windows 11 , 64 bit Build 22621 (10.0.22621.1778)
Time: Sat Jun 24 22:02:11 2023 India Standard Time elapsed time: 0.438237 seconds (0d 0h 0m 0s)

---------------  T H R E A D  ---------------

Current thread (0x000001e310b9a900):  JavaThread "main" [_thread_in_vm, id=22260, stack(0x0000009ac1000000,0x0000009ac1100000)]

Stack: [0x0000009ac1000000,0x0000009ac1100000]
Native frames: (J=compiled Java code, j=interpreted, Vv=VM code, C=native code)
V  [jvm.dll+0x67741a]
V  [jvm.dll+0x834434]
V  [jvm.dll+0x835bde]
V  [jvm.dll+0x836243]
V  [jvm.dll+0x2457b5]
V  [jvm.dll+0x8304cb]
V  [jvm.dll+0x61bca6]
V  [jvm.dll+0x61bd0a]
V  [jvm.dll+0x61e52a]
V  [jvm.dll+0x61c646]
V  [jvm.dll+0x239e4f]
V  [jvm.dll+0x626445]
V  [jvm.dll+0x1ea42b]
V  [jvm.dll+0x1ea965]
V  [jvm.dll+0x1eb39f]
V  [jvm.dll+0x1e0841]
V  [jvm.dll+0x53c6d0]
V  [jvm.dll+0x1f1017]
V  [jvm.dll+0x7aea1b]
V  [jvm.dll+0x7afdc2]
V  [jvm.dll+0x7b00f8]
V  [jvm.dll+0x23dbbe]
V  [jvm.dll+0x37ecce]
C  0x000001e315a49925

Java frames: (J=compiled Java code, j=interpreted, Vv=VM code)
j  sun.security.util.SecurityConstants.<clinit>()V+250 java.base@17.0.6
v  ~StubRoutines::call_stub
j  jdk.internal.logger.LoggerFinderLoader.<clinit>()V+6 java.base@17.0.6
v  ~StubRoutines::call_stub
j  java.lang.System$LoggerFinder.lambda$accessProvider$0()Ljava/lang/System$LoggerFinder;+0 java.base@17.0.6
j  java.lang.System$LoggerFinder$$Lambda$39+0x00000001000ebcb0.run()Ljava/lang/Object;+0 java.base@17.0.6
j  java.security.AccessController.executePrivileged(Ljava/security/PrivilegedAction;Ljava/security/AccessControlContext;Ljava/lang/Class;)Ljava/lang/Object;+29 java.base@17.0.6
j  java.security.AccessController.doPrivileged(Ljava/security/PrivilegedAction;Ljava/security/AccessControlContext;)Ljava/lang/Object;+13 java.base@17.0.6
j  java.security.AccessController.doPrivileged(Ljava/security/PrivilegedAction;Ljava/security/AccessControlContext;[Ljava/security/Permission;)Ljava/lang/Object;+48 java.base@17.0.6
j  java.lang.System$LoggerFinder.accessProvider()Ljava/lang/System$LoggerFinder;+24 java.base@17.0.6
j  java.lang.System$LoggerFinder.getLoggerFinder()Ljava/lang/System$LoggerFinder;+15 java.base@17.0.6
j  jdk.internal.logger.LazyLoggers.accessLoggerFinder()Ljava/lang/System$LoggerFinder;+16 java.base@17.0.6
j  jdk.internal.logger.LazyLoggers.getLoggerFromFinder(Ljava/lang/String;Ljava/lang/Module;)Ljava/lang/System$Logger;+8 java.base@17.0.6
j  jdk.internal.logger.LazyLoggers$1.apply(Ljava/lang/String;Ljava/lang/Module;)Ljava/lang/System$Logger;+2 java.base@17.0.6
j  jdk.internal.logger.LazyLoggers$1.apply(Ljava/lang/Object;Ljava/lang/Object;)Ljava/lang/Object;+9 java.base@17.0.6
j  jdk.internal.logger.LazyLoggers$LazyLoggerAccessor.createLogger()Ljava/lang/System$Logger;+37 java.base@17.0.6
j  jdk.internal.logger.BootstrapLogger.getLogger(Ljdk/internal/logger/LazyLoggers$LazyLoggerAccessor;)Ljava/lang/System$Logger;+50 java.base@17.0.6
j  jdk.internal.logger.LazyLoggers$LazyLoggerAccessor.platform()Lsun/util/logging/PlatformLogger$Bridge;+58 java.base@17.0.6
j  jdk.internal.logger.LazyLoggers$LazyLoggerAccessor.release(Ljdk/internal/logger/SimpleConsoleLogger;Z)V+66 java.base@17.0.6
j  jdk.internal.logger.BootstrapLogger$RedirectedLoggers.replaceSurrogateLoggers(Ljava/util/Map;)V+85 java.base@17.0.6
j  jdk.internal.logger.BootstrapLogger.redirectTemporaryLoggers()V+9 java.base@17.0.6
j  java.util.logging.LogManager.readPrimordialConfiguration()V+23 java.logging@17.0.6
j  java.util.logging.LogManager$2.run()Ljava/lang/Object;+87 java.logging@17.0.6
j  java.security.AccessController.executePrivileged(Ljava/security/PrivilegedAction;Ljava/security/AccessControlContext;Ljava/lang/Class;)Ljava/lang/Object;+29 java.base@17.0.6
j  java.security.AccessController.doPrivileged(Ljava/security/PrivilegedAction;)Ljava/lang/Object;+5 java.base@17.0.6
j  java.util.logging.LogManager.ensureLogManagerInitialized()V+101 java.logging@17.0.6
j  java.util.logging.LogManager.getLogManager()Ljava/util/logging/LogManager;+9 java.logging@17.0.6
j  java.util.logging.Logging.<clinit>()V+0 java.logging@17.0.6
v  ~StubRoutines::call_stub
j  java.util.logging.LogManager.getLoggingMXBean()Ljava/util/logging/LoggingMXBean;+0 java.logging@17.0.6
v  ~StubRoutines::call_stub
j  jdk.internal.reflect.NativeMethodAccessorImpl.invoke0(Ljava/lang/reflect/Method;Ljava/lang/Object;[Ljava/lang/Object;)Ljava/lang/Object;+0 java.base@17.0.6
j  jdk.internal.reflect.NativeMethodAccessorImpl.invoke(Ljava/lang/Object;[Ljava/lang/Object;)Ljava/lang/Object;+133 java.base@17.0.6
j  jdk.internal.reflect.DelegatingMethodAccessorImpl.invoke(Ljava/lang/Object;[Ljava/lang/Object;)Ljava/lang/Object;+6 java.base@17.0.6
j  java.lang.reflect.Method.invoke(Ljava/lang/Object;[Ljava/lang/Object;)Ljava/lang/Object;+59 java.base@17.0.6
j  sun.management.ManagementFactoryHelper$LoggingMXBeanAccess.getMXBeanImplementation()Ljava/lang/Object;+35 java.management@17.0.6
j  sun.management.ManagementFactoryHelper$LoggingMXBeanAccess.<init>()V+5 java.management@17.0.6
j  sun.management.ManagementFactoryHelper$PlatformLoggingImpl.getInstance()Lsun/management/ManagementFactoryHelper$PlatformLoggingImpl;+8 java.management@17.0.6
j  sun.management.ManagementFactoryHelper$PlatformLoggingImpl.<clinit>()V+0 java.management@17.0.6
v  ~StubRoutines::call_stub
j  sun.management.ManagementFactoryHelper.getPlatformLoggingMXBean()Ljava/lang/management/PlatformLoggingMXBean;+6 java.management@17.0.6
j  java.lang.management.DefaultPlatformMBeanProvider$9.nameToMBeanMap()Ljava/util/Map;+2 java.management@17.0.6
j  java.lang.management.ManagementFactory.lambda$getPlatformMBeanServer$0(Lsun/management/spi/PlatformMBeanProvider$PlatformComponent;)Ljava/util/stream/Stream;+1 java.management@17.0.6
j  java.lang.management.ManagementFactory$$Lambda$20+0x00000001000a3470.apply(Ljava/lang/Object;)Ljava/lang/Object;+4 java.management@17.0.6
j  java.util.stream.ReferencePipeline$7$1.accept(Ljava/lang/Object;)V+8 java.base@17.0.6
j  java.util.stream.ReferencePipeline$2$1.accept(Ljava/lang/Object;)V+21 java.base@17.0.6
j  java.util.HashMap$ValueSpliterator.forEachRemaining(Ljava/util/function/Consumer;)V+145 java.base@17.0.6
j  java.util.stream.AbstractPipeline.copyInto(Ljava/util/stream/Sink;Ljava/util/Spliterator;)V+32 java.base@17.0.6
j  java.util.stream.AbstractPipeline.wrapAndCopyInto(Ljava/util/stream/Sink;Ljava/util/Spliterator;)Ljava/util/stream/Sink;+13 java.base@17.0.6
j  java.util.stream.ForEachOps$ForEachOp.evaluateSequential(Ljava/util/stream/PipelineHelper;Ljava/util/Spliterator;)Ljava/lang/Void;+3 java.base@17.0.6
j  java.util.stream.ForEachOps$ForEachOp$OfRef.evaluateSequential(Ljava/util/stream/PipelineHelper;Ljava/util/Spliterator;)Ljava/lang/Object;+3 java.base@17.0.6
j  java.util.stream.AbstractPipeline.evaluate(Ljava/util/stream/TerminalOp;)Ljava/lang/Object;+88 java.base@17.0.6
j  java.util.stream.ReferencePipeline.forEach(Ljava/util/function/Consumer;)V+6 java.base@17.0.6
j  java.lang.management.ManagementFactory.getPlatformMBeanServer()Ljavax/management/MBeanServer;+68 java.management@17.0.6
j  sun.management.jmxremote.ConnectorBootstrap.startRemoteConnectorServer(Ljava/lang/String;Ljava/util/Properties;)Ljavax/management/remote/JMXConnectorServer;+579 jdk.management.agent@17.0.6
j  jdk.internal.agent.Agent.startAgent(Ljava/util/Properties;)V+48 jdk.management.agent@17.0.6
j  jdk.internal.agent.Agent.startAgent()V+20 jdk.management.agent@17.0.6
v  ~StubRoutines::call_stub

---------------  P R O C E S S  ---------------

Threads class SMR info:
_java_thread_list=0x000001e321604770, length=13, elements={
0x000001e310b9a900, 0x000001e320885a50, 0x000001e320886600, 0x000001e321442020,
0x000001e3214426f0, 0x000001e3214451b0, 0x000001e321446170, 0x000001e32144c030,
0x000001e321455a40, 0x000001e32082b980, 0x000001e321524030, 0x000001e3215cf2d0,
0x000001e32161f140
}

Java Threads: ( => current thread )
=>0x000001e310b9a900 JavaThread "main" [_thread_in_vm, id=22260, stack(0x0000009ac1000000,0x0000009ac1100000)]
  0x000001e320885a50 JavaThread "Reference Handler" daemon [_thread_blocked, id=14792, stack(0x0000009ac1700000,0x0000009ac1800000)]
  0x000001e320886600 JavaThread "Finalizer" daemon [_thread_blocked, id=17708, stack(0x0000009ac1800000,0x0000009ac1900000)]
  0x000001e321442020 JavaThread "Signal Dispatcher" daemon [_thread_blocked, id=19748, stack(0x0000009ac1900000,0x0000009ac1a00000)]
  0x000001e3214426f0 JavaThread "Attach Listener" daemon [_thread_blocked, id=10628, stack(0x0000009ac1a00000,0x0000009ac1b00000)]
  0x000001e3214451b0 JavaThread "Service Thread" daemon [_thread_blocked, id=20996, stack(0x0000009ac1b00000,0x0000009ac1c00000)]
  0x000001e321446170 JavaThread "Monitor Deflation Thread" daemon [_thread_blocked, id=19280, stack(0x0000009ac1c00000,0x0000009ac1d00000)]
  0x000001e32144c030 JavaThread "C1 CompilerThread0" daemon [_thread_blocked, id=19656, stack(0x0000009ac1d00000,0x0000009ac1e00000)]
  0x000001e321455a40 JavaThread "Sweeper thread" daemon [_thread_blocked, id=9720, stack(0x0000009ac1e00000,0x0000009ac1f00000)]
  0x000001e32082b980 JavaThread "Common-Cleaner" daemon [_thread_blocked, id=9024, stack(0x0000009ac1f00000,0x0000009ac2000000)]
  0x000001e321524030 JavaThread "C1 CompilerThread1" daemon [_thread_blocked, id=1500, stack(0x0000009ac2000000,0x0000009ac2100000)]
  0x000001e3215cf2d0 JavaThread "C1 CompilerThread2" daemon [_thread_blocked, id=17628, stack(0x0000009ac2100000,0x0000009ac2200000)]
  0x000001e32161f140 JavaThread "Notification Thread" daemon [_thread_blocked, id=24616, stack(0x0000009ac2200000,0x0000009ac2300000)]

Other Threads:
  0x000001e32087f4f0 VMThread "VM Thread" [stack: 0x0000009ac1600000,0x0000009ac1700000] [id=16504]
  0x000001e310bf5810 GCTaskThread "GC Thread#0" [stack: 0x0000009ac1100000,0x0000009ac1200000] [id=13828]
  0x000001e310c060b0 ConcurrentGCThread "G1 Main Marker" [stack: 0x0000009ac1200000,0x0000009ac1300000] [id=6244]
  0x000001e310c07100 ConcurrentGCThread "G1 Conc#0" [stack: 0x0000009ac1300000,0x0000009ac1400000] [id=18092]
  0x000001e3206f7500 ConcurrentGCThread "G1 Refine#0" [stack: 0x0000009ac1400000,0x0000009ac1500000] [id=2524]
  0x000001e310c4d430 ConcurrentGCThread "G1 Service" [stack: 0x0000009ac1500000,0x0000009ac1600000] [id=20492]

Threads with active compile tasks:

VM state: not at safepoint (normal execution)

VM Mutex/Monitor currently owned by a thread:  ([mutex/lock_event])
[0x000001e310b93f80] Metaspace_lock - owner thread: 0x000001e310b9a900

Heap address: 0x0000000082a00000, size: 2006 MB, Compressed Oops mode: 32-bit

CDS archive(s) not mapped
Compressed class space mapped at: 0x0000000100000000-0x0000000140000000, reserved size: 1073741824
Narrow klass base: 0x0000000000000000, Narrow klass shift: 3, Narrow klass range: 0x140000000

GC Precious Log:
 CPUs: 8 total, 8 available
 Memory: 8022M
 Large Page Support: Disabled
 NUMA Support: Disabled
 Compressed Oops: Enabled (32-bit)
 Heap Region Size: 1M
 Heap Min Capacity: 8M
 Heap Initial Capacity: 126M
 Heap Max Capacity: 2006M
 Pre-touch: Disabled
 Parallel Workers: 8
 Concurrent Workers: 2
 Concurrent Refinement Workers: 8
 Periodic GC: Disabled

Heap:
 garbage-first heap   total 129024K, used 10240K [0x0000000082a00000, 0x0000000100000000)
  region size 1024K, 8 young (8192K), 0 survivors (0K)
 Metaspace       used 8672K, committed 8768K, reserved 1056768K
  class space    used 829K, committed 896K, reserved 1048576K

Heap Regions: E=young(eden), S=young(survivor), O=old, HS=humongous(starts), HC=humongous(continues), CS=collection set, F=free, OA=open archive, CA=closed archive, TAMS=top-at-mark-start (previous, next)
|   0|0x0000000082a00000, 0x0000000082b00000, 0x0000000082b00000|100%|HS|  |TAMS 0x0000000082a00000, 0x0000000082a00000| Complete 
|   1|0x0000000082b00000, 0x0000000082c00000, 0x0000000082c00000|100%|HS|  |TAMS 0x0000000082b00000, 0x0000000082b00000| Complete 
|   2|0x0000000082c00000, 0x0000000082d00000, 0x0000000082d00000|100%|HC|  |TAMS 0x0000000082c00000, 0x0000000082c00000| Complete 
|   3|0x0000000082d00000, 0x0000000082e00000, 0x0000000082e00000|100%|HC|  |TAMS 0x0000000082d00000, 0x0000000082d00000| Complete 
|   4|0x0000000082e00000, 0x0000000082e00000, 0x0000000082f00000|  0%| F|  |TAMS 0x0000000082e00000, 0x0000000082e00000| Untracked 
|   5|0x0000000082f00000, 0x0000000082f00000, 0x0000000083000000|  0%| F|  |TAMS 0x0000000082f00000, 0x0000000082f00000| Untracked 
|   6|0x0000000083000000, 0x0000000083000000, 0x0000000083100000|  0%| F|  |TAMS 0x0000000083000000, 0x0000000083000000| Untracked 
|   7|0x0000000083100000, 0x0000000083100000, 0x0000000083200000|  0%| F|  |TAMS 0x0000000083100000, 0x0000000083100000| Untracked 
|   8|0x0000000083200000, 0x0000000083200000, 0x0000000083300000|  0%| F|  |TAMS 0x0000000083200000, 0x0000000083200000| Untracked 
|   9|0x0000000083300000, 0x0000000083300000, 0x0000000083400000|  0%| F|  |TAMS 0x0000000083300000, 0x0000000083300000| Untracked 
|  10|0x0000000083400000, 0x0000000083400000, 0x0000000083500000|  0%| F|  |TAMS 0x0000000083400000, 0x0000000083400000| Untracked 
|  11|0x0000000083500000, 0x0000000083500000, 0x0000000083600000|  0%| F|  |TAMS 0x0000000083500000, 0x0000000083500000| Untracked 
|  12|0x0000000083600000, 0x0000000083600000, 0x0000000083700000|  0%| F|  |TAMS 0x0000000083600000, 0x0000000083600000| Untracked 
|  13|0x0000000083700000, 0x0000000083700000, 0x0000000083800000|  0%| F|  |TAMS 0x0000000083700000, 0x0000000083700000| Untracked 
|  14|0x0000000083800000, 0x0000000083800000, 0x0000000083900000|  0%| F|  |TAMS 0x0000000083800000, 0x0000000083800000| Untracked 
|  15|0x0000000083900000, 0x0000000083900000, 0x0000000083a00000|  0%| F|  |TAMS 0x0000000083900000, 0x0000000083900000| Untracked 
|  16|0x0000000083a00000, 0x0000000083a00000, 0x0000000083b00000|  0%| F|  |TAMS 0x0000000083a00000, 0x0000000083a00000| Untracked 
|  17|0x0000000083b00000, 0x0000000083b00000, 0x0000000083c00000|  0%| F|  |TAMS 0x0000000083b00000, 0x0000000083b00000| Untracked 
|  18|0x0000000083c00000, 0x0000000083c00000, 0x0000000083d00000|  0%| F|  |TAMS 0x0000000083c00000, 0x0000000083c00000| Untracked 
|  19|0x0000000083d00000, 0x0000000083d00000, 0x0000000083e00000|  0%| F|  |TAMS 0x0000000083d00000, 0x0000000083d00000| Untracked 
|  20|0x0000000083e00000, 0x0000000083e00000, 0x0000000083f00000|  0%| F|  |TAMS 0x0000000083e00000, 0x0000000083e00000| Untracked 
|  21|0x0000000083f00000, 0x0000000083f00000, 0x0000000084000000|  0%| F|  |TAMS 0x0000000083f00000, 0x0000000083f00000| Untracked 
|  22|0x0000000084000000, 0x0000000084000000, 0x0000000084100000|  0%| F|  |TAMS 0x0000000084000000, 0x0000000084000000| Untracked 
|  23|0x0000000084100000, 0x0000000084100000, 0x0000000084200000|  0%| F|  |TAMS 0x0000000084100000, 0x0000000084100000| Untracked 
|  24|0x0000000084200000, 0x0000000084200000, 0x0000000084300000|  0%| F|  |TAMS 0x0000000084200000, 0x0000000084200000| Untracked 
|  25|0x0000000084300000, 0x0000000084300000, 0x0000000084400000|  0%| F|  |TAMS 0x0000000084300000, 0x0000000084300000| Untracked 
|  26|0x0000000084400000, 0x0000000084400000, 0x0000000084500000|  0%| F|  |TAMS 0x0000000084400000, 0x0000000084400000| Untracked 
|  27|0x0000000084500000, 0x0000000084500000, 0x0000000084600000|  0%| F|  |TAMS 0x0000000084500000, 0x0000000084500000| Untracked 
|  28|0x0000000084600000, 0x0000000084600000, 0x0000000084700000|  0%| F|  |TAMS 0x0000000084600000, 0x0000000084600000| Untracked 
|  29|0x0000000084700000, 0x0000000084700000, 0x0000000084800000|  0%| F|  |TAMS 0x0000000084700000, 0x0000000084700000| Untracked 
|  30|0x0000000084800000, 0x0000000084800000, 0x0000000084900000|  0%| F|  |TAMS 0x0000000084800000, 0x0000000084800000| Untracked 
|  31|0x0000000084900000, 0x0000000084900000, 0x0000000084a00000|  0%| F|  |TAMS 0x0000000084900000, 0x0000000084900000| Untracked 
|  32|0x0000000084a00000, 0x0000000084a00000, 0x0000000084b00000|  0%| F|  |TAMS 0x0000000084a00000, 0x0000000084a00000| Untracked 
|  33|0x0000000084b00000, 0x0000000084b00000, 0x0000000084c00000|  0%| F|  |TAMS 0x0000000084b00000, 0x0000000084b00000| Untracked 
|  34|0x0000000084c00000, 0x0000000084c00000, 0x0000000084d00000|  0%| F|  |TAMS 0x0000000084c00000, 0x0000000084c00000| Untracked 
|  35|0x0000000084d00000, 0x0000000084d00000, 0x0000000084e00000|  0%| F|  |TAMS 0x0000000084d00000, 0x0000000084d00000| Untracked 
|  36|0x0000000084e00000, 0x0000000084e00000, 0x0000000084f00000|  0%| F|  |TAMS 0x0000000084e00000, 0x0000000084e00000| Untracked 
|  37|0x0000000084f00000, 0x0000000084f00000, 0x0000000085000000|  0%| F|  |TAMS 0x0000000084f00000, 0x0000000084f00000| Untracked 
|  38|0x0000000085000000, 0x0000000085000000, 0x0000000085100000|  0%| F|  |TAMS 0x0000000085000000, 0x0000000085000000| Untracked 
|  39|0x0000000085100000, 0x0000000085100000, 0x0000000085200000|  0%| F|  |TAMS 0x0000000085100000, 0x0000000085100000| Untracked 
|  40|0x0000000085200000, 0x0000000085200000, 0x0000000085300000|  0%| F|  |TAMS 0x0000000085200000, 0x0000000085200000| Untracked 
|  41|0x0000000085300000, 0x0000000085300000, 0x0000000085400000|  0%| F|  |TAMS 0x0000000085300000, 0x0000000085300000| Untracked 
|  42|0x0000000085400000, 0x0000000085400000, 0x0000000085500000|  0%| F|  |TAMS 0x0000000085400000, 0x0000000085400000| Untracked 
|  43|0x0000000085500000, 0x0000000085500000, 0x0000000085600000|  0%| F|  |TAMS 0x0000000085500000, 0x0000000085500000| Untracked 
|  44|0x0000000085600000, 0x0000000085600000, 0x0000000085700000|  0%| F|  |TAMS 0x0000000085600000, 0x0000000085600000| Untracked 
|  45|0x0000000085700000, 0x0000000085700000, 0x0000000085800000|  0%| F|  |TAMS 0x0000000085700000, 0x0000000085700000| Untracked 
|  46|0x0000000085800000, 0x0000000085800000, 0x0000000085900000|  0%| F|  |TAMS 0x0000000085800000, 0x0000000085800000| Untracked 
|  47|0x0000000085900000, 0x0000000085900000, 0x0000000085a00000|  0%| F|  |TAMS 0x0000000085900000, 0x0000000085900000| Untracked 
|  48|0x0000000085a00000, 0x0000000085a00000, 0x0000000085b00000|  0%| F|  |TAMS 0x0000000085a00000, 0x0000000085a00000| Untracked 
|  49|0x0000000085b00000, 0x0000000085b00000, 0x0000000085c00000|  0%| F|  |TAMS 0x0000000085b00000, 0x0000000085b00000| Untracked 
|  50|0x0000000085c00000, 0x0000000085c00000, 0x0000000085d00000|  0%| F|  |TAMS 0x0000000085c00000, 0x0000000085c00000| Untracked 
|  51|0x0000000085d00000, 0x0000000085d00000, 0x0000000085e00000|  0%| F|  |TAMS 0x0000000085d00000, 0x0000000085d00000| Untracked 
|  52|0x0000000085e00000, 0x0000000085e00000, 0x0000000085f00000|  0%| F|  |TAMS 0x0000000085e00000, 0x0000000085e00000| Untracked 
|  53|0x0000000085f00000, 0x0000000085f00000, 0x0000000086000000|  0%| F|  |TAMS 0x0000000085f00000, 0x0000000085f00000| Untracked 
|  54|0x0000000086000000, 0x0000000086000000, 0x0000000086100000|  0%| F|  |TAMS 0x0000000086000000, 0x0000000086000000| Untracked 
|  55|0x0000000086100000, 0x0000000086100000, 0x0000000086200000|  0%| F|  |TAMS 0x0000000086100000, 0x0000000086100000| Untracked 
|  56|0x0000000086200000, 0x0000000086200000, 0x0000000086300000|  0%| F|  |TAMS 0x0000000086200000, 0x0000000086200000| Untracked 
|  57|0x0000000086300000, 0x0000000086300000, 0x0000000086400000|  0%| F|  |TAMS 0x0000000086300000, 0x0000000086300000| Untracked 
|  58|0x0000000086400000, 0x0000000086400000, 0x0000000086500000|  0%| F|  |TAMS 0x0000000086400000, 0x0000000086400000| Untracked 
|  59|0x0000000086500000, 0x0000000086500000, 0x0000000086600000|  0%| F|  |TAMS 0x0000000086500000, 0x0000000086500000| Untracked 
|  60|0x0000000086600000, 0x0000000086600000, 0x0000000086700000|  0%| F|  |TAMS 0x0000000086600000, 0x0000000086600000| Untracked 
|  61|0x0000000086700000, 0x0000000086700000, 0x0000000086800000|  0%| F|  |TAMS 0x0000000086700000, 0x0000000086700000| Untracked 
|  62|0x0000000086800000, 0x0000000086800000, 0x0000000086900000|  0%| F|  |TAMS 0x0000000086800000, 0x0000000086800000| Untracked 
|  63|0x0000000086900000, 0x0000000086900000, 0x0000000086a00000|  0%| F|  |TAMS 0x0000000086900000, 0x0000000086900000| Untracked 
|  64|0x0000000086a00000, 0x0000000086a00000, 0x0000000086b00000|  0%| F|  |TAMS 0x0000000086a00000, 0x0000000086a00000| Untracked 
|  65|0x0000000086b00000, 0x0000000086b00000, 0x0000000086c00000|  0%| F|  |TAMS 0x0000000086b00000, 0x0000000086b00000| Untracked 
|  66|0x0000000086c00000, 0x0000000086c00000, 0x0000000086d00000|  0%| F|  |TAMS 0x0000000086c00000, 0x0000000086c00000| Untracked 
|  67|0x0000000086d00000, 0x0000000086d00000, 0x0000000086e00000|  0%| F|  |TAMS 0x0000000086d00000, 0x0000000086d00000| Untracked 
|  68|0x0000000086e00000, 0x0000000086e00000, 0x0000000086f00000|  0%| F|  |TAMS 0x0000000086e00000, 0x0000000086e00000| Untracked 
|  69|0x0000000086f00000, 0x0000000086f00000, 0x0000000087000000|  0%| F|  |TAMS 0x0000000086f00000, 0x0000000086f00000| Untracked 
|  70|0x0000000087000000, 0x0000000087000000, 0x0000000087100000|  0%| F|  |TAMS 0x0000000087000000, 0x0000000087000000| Untracked 
|  71|0x0000000087100000, 0x0000000087100000, 0x0000000087200000|  0%| F|  |TAMS 0x0000000087100000, 0x0000000087100000| Untracked 
|  72|0x0000000087200000, 0x0000000087200000, 0x0000000087300000|  0%| F|  |TAMS 0x0000000087200000, 0x0000000087200000| Untracked 
|  73|0x0000000087300000, 0x0000000087300000, 0x0000000087400000|  0%| F|  |TAMS 0x0000000087300000, 0x0000000087300000| Untracked 
|  74|0x0000000087400000, 0x0000000087400000, 0x0000000087500000|  0%| F|  |TAMS 0x0000000087400000, 0x0000000087400000| Untracked 
|  75|0x0000000087500000, 0x0000000087500000, 0x0000000087600000|  0%| F|  |TAMS 0x0000000087500000, 0x0000000087500000| Untracked 
|  76|0x0000000087600000, 0x0000000087600000, 0x0000000087700000|  0%| F|  |TAMS 0x0000000087600000, 0x0000000087600000| Untracked 
|  77|0x0000000087700000, 0x0000000087700000, 0x0000000087800000|  0%| F|  |TAMS 0x0000000087700000, 0x0000000087700000| Untracked 
|  78|0x0000000087800000, 0x0000000087800000, 0x0000000087900000|  0%| F|  |TAMS 0x0000000087800000, 0x0000000087800000| Untracked 
|  79|0x0000000087900000, 0x0000000087900000, 0x0000000087a00000|  0%| F|  |TAMS 0x0000000087900000, 0x0000000087900000| Untracked 
|  80|0x0000000087a00000, 0x0000000087a00000, 0x0000000087b00000|  0%| F|  |TAMS 0x0000000087a00000, 0x0000000087a00000| Untracked 
|  81|0x0000000087b00000, 0x0000000087b00000, 0x0000000087c00000|  0%| F|  |TAMS 0x0000000087b00000, 0x0000000087b00000| Untracked 
|  82|0x0000000087c00000, 0x0000000087c00000, 0x0000000087d00000|  0%| F|  |TAMS 0x0000000087c00000, 0x0000000087c00000| Untracked 
|  83|0x0000000087d00000, 0x0000000087d00000, 0x0000000087e00000|  0%| F|  |TAMS 0x0000000087d00000, 0x0000000087d00000| Untracked 
|  84|0x0000000087e00000, 0x0000000087e00000, 0x0000000087f00000|  0%| F|  |TAMS 0x0000000087e00000, 0x0000000087e00000| Untracked 
|  85|0x0000000087f00000, 0x0000000087f00000, 0x0000000088000000|  0%| F|  |TAMS 0x0000000087f00000, 0x0000000087f00000| Untracked 
|  86|0x0000000088000000, 0x0000000088000000, 0x0000000088100000|  0%| F|  |TAMS 0x0000000088000000, 0x0000000088000000| Untracked 
|  87|0x0000000088100000, 0x0000000088100000, 0x0000000088200000|  0%| F|  |TAMS 0x0000000088100000, 0x0000000088100000| Untracked 
|  88|0x0000000088200000, 0x0000000088200000, 0x0000000088300000|  0%| F|  |TAMS 0x0000000088200000, 0x0000000088200000| Untracked 
|  89|0x0000000088300000, 0x0000000088300000, 0x0000000088400000|  0%| F|  |TAMS 0x0000000088300000, 0x0000000088300000| Untracked 
|  90|0x0000000088400000, 0x0000000088400000, 0x0000000088500000|  0%| F|  |TAMS 0x0000000088400000, 0x0000000088400000| Untracked 
|  91|0x0000000088500000, 0x0000000088500000, 0x0000000088600000|  0%| F|  |TAMS 0x0000000088500000, 0x0000000088500000| Untracked 
|  92|0x0000000088600000, 0x0000000088600000, 0x0000000088700000|  0%| F|  |TAMS 0x0000000088600000, 0x0000000088600000| Untracked 
|  93|0x0000000088700000, 0x0000000088700000, 0x0000000088800000|  0%| F|  |TAMS 0x0000000088700000, 0x0000000088700000| Untracked 
|  94|0x0000000088800000, 0x0000000088800000, 0x0000000088900000|  0%| F|  |TAMS 0x0000000088800000, 0x0000000088800000| Untracked 
|  95|0x0000000088900000, 0x0000000088900000, 0x0000000088a00000|  0%| F|  |TAMS 0x0000000088900000, 0x0000000088900000| Untracked 
|  96|0x0000000088a00000, 0x0000000088a00000, 0x0000000088b00000|  0%| F|  |TAMS 0x0000000088a00000, 0x0000000088a00000| Untracked 
|  97|0x0000000088b00000, 0x0000000088b00000, 0x0000000088c00000|  0%| F|  |TAMS 0x0000000088b00000, 0x0000000088b00000| Untracked 
|  98|0x0000000088c00000, 0x0000000088c00000, 0x0000000088d00000|  0%| F|  |TAMS 0x0000000088c00000, 0x0000000088c00000| Untracked 
|  99|0x0000000088d00000, 0x0000000088d00000, 0x0000000088e00000|  0%| F|  |TAMS 0x0000000088d00000, 0x0000000088d00000| Untracked 
| 100|0x0000000088e00000, 0x0000000088e00000, 0x0000000088f00000|  0%| F|  |TAMS 0x0000000088e00000, 0x0000000088e00000| Untracked 
| 101|0x0000000088f00000, 0x0000000088f00000, 0x0000000089000000|  0%| F|  |TAMS 0x0000000088f00000, 0x0000000088f00000| Untracked 
| 102|0x0000000089000000, 0x0000000089000000, 0x0000000089100000|  0%| F|  |TAMS 0x0000000089000000, 0x0000000089000000| Untracked 
| 103|0x0000000089100000, 0x0000000089100000, 0x0000000089200000|  0%| F|  |TAMS 0x0000000089100000, 0x0000000089100000| Untracked 
| 104|0x0000000089200000, 0x0000000089200000, 0x0000000089300000|  0%| F|  |TAMS 0x0000000089200000, 0x0000000089200000| Untracked 
| 105|0x0000000089300000, 0x0000000089300000, 0x0000000089400000|  0%| F|  |TAMS 0x0000000089300000, 0x0000000089300000| Untracked 
| 106|0x0000000089400000, 0x0000000089400000, 0x0000000089500000|  0%| F|  |TAMS 0x0000000089400000, 0x0000000089400000| Untracked 
| 107|0x0000000089500000, 0x0000000089500000, 0x0000000089600000|  0%| F|  |TAMS 0x0000000089500000, 0x0000000089500000| Untracked 
| 108|0x0000000089600000, 0x0000000089600000, 0x0000000089700000|  0%| F|  |TAMS 0x0000000089600000, 0x0000000089600000| Untracked 
| 109|0x0000000089700000, 0x0000000089700000, 0x0000000089800000|  0%| F|  |TAMS 0x0000000089700000, 0x0000000089700000| Untracked 
| 110|0x0000000089800000, 0x0000000089800000, 0x0000000089900000|  0%| F|  |TAMS 0x0000000089800000, 0x0000000089800000| Untracked 
| 111|0x0000000089900000, 0x0000000089900000, 0x0000000089a00000|  0%| F|  |TAMS 0x0000000089900000, 0x0000000089900000| Untracked 
| 112|0x0000000089a00000, 0x0000000089a00000, 0x0000000089b00000|  0%| F|  |TAMS 0x0000000089a00000, 0x0000000089a00000| Untracked 
| 113|0x0000000089b00000, 0x0000000089b00000, 0x0000000089c00000|  0%| F|  |TAMS 0x0000000089b00000, 0x0000000089b00000| Untracked 
| 114|0x0000000089c00000, 0x0000000089c00000, 0x0000000089d00000|  0%| F|  |TAMS 0x0000000089c00000, 0x0000000089c00000| Untracked 
| 115|0x0000000089d00000, 0x0000000089d00000, 0x0000000089e00000|  0%| F|  |TAMS 0x0000000089d00000, 0x0000000089d00000| Untracked 
| 116|0x0000000089e00000, 0x0000000089e00000, 0x0000000089f00000|  0%| F|  |TAMS 0x0000000089e00000, 0x0000000089e00000| Untracked 
| 117|0x0000000089f00000, 0x0000000089f00000, 0x000000008a000000|  0%| F|  |TAMS 0x0000000089f00000, 0x0000000089f00000| Untracked 
| 118|0x000000008a000000, 0x000000008a0ec100, 0x000000008a100000| 92%| E|  |TAMS 0x000000008a000000, 0x000000008a000000| Complete 
| 119|0x000000008a100000, 0x000000008a200000, 0x000000008a200000|100%| E|CS|TAMS 0x000000008a100000, 0x000000008a100000| Complete 
| 120|0x000000008a200000, 0x000000008a300000, 0x000000008a300000|100%| E|  |TAMS 0x000000008a200000, 0x000000008a200000| Complete 
| 121|0x000000008a300000, 0x000000008a400000, 0x000000008a400000|100%| E|CS|TAMS 0x000000008a300000, 0x000000008a300000| Complete 
| 122|0x000000008a400000, 0x000000008a500000, 0x000000008a500000|100%| E|CS|TAMS 0x000000008a400000, 0x000000008a400000| Complete 
| 123|0x000000008a500000, 0x000000008a600000, 0x000000008a600000|100%| E|CS|TAMS 0x000000008a500000, 0x000000008a500000| Complete 
| 124|0x000000008a600000, 0x000000008a700000, 0x000000008a700000|100%| E|CS|TAMS 0x000000008a600000, 0x000000008a600000| Complete 
| 125|0x000000008a700000, 0x000000008a800000, 0x000000008a800000|100%| E|CS|TAMS 0x000000008a700000, 0x000000008a700000| Complete 

Card table byte_map: [0x000001e319700000,0x000001e319af0000] _byte_map_base: 0x000001e3192eb000

Marking Bits (Prev, Next): (CMBitMap*) 0x000001e310bf5cc0, (CMBitMap*) 0x000001e310bf5d00
 Prev Bits: [0x000001e319ee0000, 0x000001e31be38000)
 Next Bits: [0x000001e31be40000, 0x000001e31dd98000)

Polling page: 0x000001e310c50000

Metaspace:

Usage:
  Non-class:      7.66 MB used.
      Class:    829.84 KB used.
       Both:      8.47 MB used.

Virtual space:
  Non-class space:        8.00 MB reserved,       7.69 MB ( 96%) committed,  1 nodes.
      Class space:        1.00 GB reserved,     896.00 KB ( <1%) committed,  1 nodes.
             Both:        1.01 GB reserved,       8.56 MB ( <1%) committed. 

Chunk freelists:
   Non-Class:  204.00 KB
       Class:  3.10 MB
        Both:  3.30 MB

MaxMetaspaceSize: unlimited
CompressedClassSpaceSize: 1.00 GB
Initial GC threshold: 21.00 MB
Current GC threshold: 21.00 MB
CDS: off
MetaspaceReclaimPolicy: balanced
 - commit_granule_bytes: 65536.
 - commit_granule_words: 8192.
 - virtual_space_node_default_size: 1048576.
 - enlarge_chunks_in_place: 1.
 - new_chunks_are_fully_committed: 0.
 - uncommit_free_chunks: 1.
 - use_allocation_guard: 0.
 - handle_deallocations: 1.


Internal statistics:

num_allocs_failed_limit: 0.
num_arena_births: 58.
num_arena_deaths: 0.
num_vsnodes_births: 2.
num_vsnodes_deaths: 0.
num_space_committed: 137.
num_space_uncommitted: 0.
num_chunks_returned_to_freelist: 0.
num_chunks_taken_from_freelist: 80.
num_chunk_merges: 0.
num_chunk_splits: 46.
num_chunks_enlarged: 28.
num_purges: 0.
num_inconsistent_stats: 0.

CodeCache: size=49152Kb used=2952Kb max_used=2952Kb free=46199Kb
 bounds [0x000001e315a30000, 0x000001e315d20000, 0x000001e318a30000]
 total_blobs=978 nmethods=596 adapters=308
 compilation: enabled
              stopped_count=0, restarted_count=0
 full_count=0

Compilation events (20 events):
Event: 0.426 Thread 0x000001e32144c030 nmethod 584 0x000001e315d0b710 code [0x000001e315d0b8a0, 0x000001e315d0b9a8]
Event: 0.426 Thread 0x000001e3215cf2d0  585       1       java.util.Arrays::binarySearch (10 bytes)
Event: 0.426 Thread 0x000001e32144c030  588       1       java.lang.PublicMethods::merge (81 bytes)
Event: 0.426 Thread 0x000001e3215cf2d0 nmethod 585 0x000001e315d0ba90 code [0x000001e315d0bc20, 0x000001e315d0bce8]
Event: 0.426 Thread 0x000001e3215cf2d0  589       1       java.lang.PublicMethods$Key::<init> (24 bytes)
Event: 0.427 Thread 0x000001e321524030 nmethod 587 0x000001e315d0bd90 code [0x000001e315d0bfa0, 0x000001e315d0c588]
Event: 0.427 Thread 0x000001e321524030  591   !   1       java.lang.reflect.Executable::declaredAnnotations (85 bytes)
Event: 0.427 Thread 0x000001e3215cf2d0 nmethod 589 0x000001e315d0c890 code [0x000001e315d0ca20, 0x000001e315d0cbf8]
Event: 0.427 Thread 0x000001e321524030 nmethod 591 0x000001e315d0cd10 code [0x000001e315d0cf20, 0x000001e315d0d2e8]
Event: 0.427 Thread 0x000001e32144c030 nmethod 588 0x000001e315d0d610 code [0x000001e315d0d7e0, 0x000001e315d0db88]
Event: 0.428 Thread 0x000001e32144c030  592       1       sun.invoke.util.VerifyAccess::isSamePackage (37 bytes)
Event: 0.428 Thread 0x000001e321524030  593       1       jdk.internal.org.objectweb.asm.AnnotationWriter::putAnnotations (67 bytes)
Event: 0.428 Thread 0x000001e321524030 nmethod 593 0x000001e315d0de90 code [0x000001e315d0e0a0, 0x000001e315d0e318]
Event: 0.429 Thread 0x000001e32144c030 nmethod 592 0x000001e315d0e590 code [0x000001e315d0e7c0, 0x000001e315d0edb8]
Event: 0.433 Thread 0x000001e321524030  594       1       java.util.Properties$LineReader::readLine (584 bytes)
Event: 0.433 Thread 0x000001e32144c030  595       1       java.util.Properties::loadConvert (540 bytes)
Event: 0.435 Thread 0x000001e32144c030 nmethod 595 0x000001e315d0f190 code [0x000001e315d0f3e0, 0x000001e315d0fb88]
Event: 0.435 Thread 0x000001e321524030 nmethod 594 0x000001e315d10090 code [0x000001e315d10320, 0x000001e315d114d8]
Event: 0.435 Thread 0x000001e3215cf2d0  596       1       java.lang.invoke.MethodHandleNatives::refKindIsField (32 bytes)
Event: 0.436 Thread 0x000001e3215cf2d0 nmethod 596 0x000001e315d11e90 code [0x000001e315d12020, 0x000001e315d120d8]

GC Heap History (0 events):
No events

Dll operation events (7 events):
Event: 0.012 Loaded shared library C:\Users\Lussy Amanta\Downloads\sts-4.17.2.RELEASE\plugins\org.eclipse.justj.openjdk.hotspot.jre.full.win32.x86_64_17.0.6.v20230125-1136\jre\bin\java.dll
Event: 0.240 Loaded shared library C:\Users\Lussy Amanta\Downloads\sts-4.17.2.RELEASE\plugins\org.eclipse.justj.openjdk.hotspot.jre.full.win32.x86_64_17.0.6.v20230125-1136\jre\bin\jimage.dll
Event: 0.255 Loaded shared library C:\Users\Lussy Amanta\Downloads\sts-4.17.2.RELEASE\plugins\org.eclipse.justj.openjdk.hotspot.jre.full.win32.x86_64_17.0.6.v20230125-1136\jre\bin\net.dll
Event: 0.258 Loaded shared library C:\Users\Lussy Amanta\Downloads\sts-4.17.2.RELEASE\plugins\org.eclipse.justj.openjdk.hotspot.jre.full.win32.x86_64_17.0.6.v20230125-1136\jre\bin\nio.dll
Event: 0.263 Loaded shared library C:\Users\Lussy Amanta\Downloads\sts-4.17.2.RELEASE\plugins\org.eclipse.justj.openjdk.hotspot.jre.full.win32.x86_64_17.0.6.v20230125-1136\jre\bin\zip.dll
Event: 0.336 Loaded shared library C:\Users\Lussy Amanta\Downloads\sts-4.17.2.RELEASE\plugins\org.eclipse.justj.openjdk.hotspot.jre.full.win32.x86_64_17.0.6.v20230125-1136\jre\bin\management.dll
Event: 0.350 Loaded shared library C:\Users\Lussy Amanta\Downloads\sts-4.17.2.RELEASE\plugins\org.eclipse.justj.openjdk.hotspot.jre.full.win32.x86_64_17.0.6.v20230125-1136\jre\bin\management_ext.dll

Deoptimization events (0 events):
No events

Classes unloaded (0 events):
No events

Classes redefined (0 events):
No events

Internal exceptions (5 events):
Event: 0.334 Thread 0x000001e310b9a900 Exception <a 'java/lang/NoSuchMethodError'{0x000000008a2fccb8}: 'java.lang.Object java.lang.invoke.DirectMethodHandle$Holder.invokeStaticInit(java.lang.Object)'> (0x000000008a2fccb8) 
thrown [s\src\hotspot\share\interpreter\linkResolver.cpp, line 759]
Event: 0.353 Thread 0x000001e310b9a900 Exception <a 'java/lang/NoSuchMethodError'{0x000000008a14edc0}: 'int java.lang.invoke.DirectMethodHandle$Holder.invokeInterface(java.lang.Object, java.lang.Object)'> (0x000000008a14edc0) 
thrown [s\src\hotspot\share\interpreter\linkResolver.cpp, line 759]
Event: 0.354 Thread 0x000001e310b9a900 Exception <a 'java/lang/IncompatibleClassChangeError'{0x000000008a1523c0}: Found class java.lang.Object, but interface was expected> (0x000000008a1523c0) 
thrown [s\src\hotspot\share\interpreter\linkResolver.cpp, line 826]
Event: 0.355 Thread 0x000001e310b9a900 Exception <a 'java/lang/NoSuchMethodError'{0x000000008a157f70}: 'void java.lang.invoke.DirectMethodHandle$Holder.invokeStatic(java.lang.Object, java.lang.Object)'> (0x000000008a157f70) 
thrown [s\src\hotspot\share\interpreter\linkResolver.cpp, line 759]
Event: 0.409 Thread 0x000001e310b9a900 Exception <a 'java/lang/NoSuchMethodError'{0x000000008a01fad0}: 'int java.lang.invoke.DirectMethodHandle$Holder.invokeSpecial(java.lang.Object, java.lang.Object, java.lang.Object)'> (0x000000008a01fad0) 
thrown [s\src\hotspot\share\interpreter\linkResolver.cpp, line 759]

VM Operations (4 events):
Event: 0.213 Executing VM operation: HandshakeAllThreads
Event: 0.213 Executing VM operation: HandshakeAllThreads done
Event: 0.359 Executing VM operation: HandshakeAllThreads
Event: 0.359 Executing VM operation: HandshakeAllThreads done

Events (20 events):
Event: 0.433 loading class java/util/Hashtable$Enumerator done
Event: 0.435 loading class java/util/stream/Streams$StreamBuilderImpl
Event: 0.435 loading class java/util/stream/Stream$Builder
Event: 0.435 loading class java/util/stream/Stream$Builder done
Event: 0.435 loading class java/util/stream/Streams$AbstractStreamBuilderImpl
Event: 0.435 loading class java/util/stream/Streams$AbstractStreamBuilderImpl done
Event: 0.435 loading class java/util/stream/Streams$StreamBuilderImpl done
Event: 0.435 loading class java/util/stream/Streams
Event: 0.435 loading class java/util/stream/Streams done
Event: 0.435 loading class java/util/IdentityHashMap$Values
Event: 0.435 loading class java/util/IdentityHashMap$Values done
Event: 0.436 loading class jdk/internal/logger/LoggerFinderLoader
Event: 0.436 loading class jdk/internal/logger/LoggerFinderLoader done
Event: 0.436 loading class sun/security/util/SecurityConstants
Event: 0.436 loading class sun/security/util/SecurityConstants done
Event: 0.436 loading class java/net/NetPermission
Event: 0.436 loading class java/net/NetPermission done
Event: 0.436 loading class java/security/SecurityPermission
Event: 0.436 loading class java/security/SecurityPermission done
Event: 0.436 loading class java/net/SocketPermission


Dynamic libraries:
0x00007ff7c5750000 - 0x00007ff7c575e000 	C:\Users\Lussy Amanta\Downloads\sts-4.17.2.RELEASE\plugins\org.eclipse.justj.openjdk.hotspot.jre.full.win32.x86_64_17.0.6.v20230125-1136\jre\bin\javaw.exe
0x00007fffe42f0000 - 0x00007fffe4504000 	C:\WINDOWS\SYSTEM32\ntdll.dll
0x00007fffe3170000 - 0x00007fffe3232000 	C:\WINDOWS\System32\KERNEL32.DLL
0x00007fffe1d20000 - 0x00007fffe20c3000 	C:\WINDOWS\System32\KERNELBASE.dll
0x00007fffe1a30000 - 0x00007fffe1b41000 	C:\WINDOWS\System32\ucrtbase.dll
0x00007fffd9200000 - 0x00007fffd9219000 	C:\Users\Lussy Amanta\Downloads\sts-4.17.2.RELEASE\plugins\org.eclipse.justj.openjdk.hotspot.jre.full.win32.x86_64_17.0.6.v20230125-1136\jre\bin\VCRUNTIME140.dll
0x00007fffd9340000 - 0x00007fffd9357000 	C:\Users\Lussy Amanta\Downloads\sts-4.17.2.RELEASE\plugins\org.eclipse.justj.openjdk.hotspot.jre.full.win32.x86_64_17.0.6.v20230125-1136\jre\bin\jli.dll
0x00007fffe2970000 - 0x00007fffe2b1b000 	C:\WINDOWS\System32\USER32.dll
0x00007fffe1c70000 - 0x00007fffe1c96000 	C:\WINDOWS\System32\win32u.dll
0x00007fffcb9f0000 - 0x00007fffcbc7e000 	C:\WINDOWS\WinSxS\amd64_microsoft.windows.common-controls_6595b64144ccf1df_6.0.22621.1635_none_270f70857386168e\COMCTL32.dll
0x00007fffe32f0000 - 0x00007fffe3319000 	C:\WINDOWS\System32\GDI32.dll
0x00007fffe35f0000 - 0x00007fffe3697000 	C:\WINDOWS\System32\msvcrt.dll
0x00007fffe1b50000 - 0x00007fffe1c69000 	C:\WINDOWS\System32\gdi32full.dll
0x00007fffe1760000 - 0x00007fffe17fa000 	C:\WINDOWS\System32\msvcp_win.dll
0x00007fffe2400000 - 0x00007fffe2431000 	C:\WINDOWS\System32\IMM32.DLL
0x00007fffdb550000 - 0x00007fffdb55c000 	C:\Users\Lussy Amanta\Downloads\sts-4.17.2.RELEASE\plugins\org.eclipse.justj.openjdk.hotspot.jre.full.win32.x86_64_17.0.6.v20230125-1136\jre\bin\vcruntime140_1.dll
0x00007fffcc7b0000 - 0x00007fffcc841000 	C:\Users\Lussy Amanta\Downloads\sts-4.17.2.RELEASE\plugins\org.eclipse.justj.openjdk.hotspot.jre.full.win32.x86_64_17.0.6.v20230125-1136\jre\bin\msvcp140.dll
0x00007fff53de0000 - 0x00007fff54a27000 	C:\Users\Lussy Amanta\Downloads\sts-4.17.2.RELEASE\plugins\org.eclipse.justj.openjdk.hotspot.jre.full.win32.x86_64_17.0.6.v20230125-1136\jre\bin\server\jvm.dll
0x00007fffe3240000 - 0x00007fffe32ee000 	C:\WINDOWS\System32\ADVAPI32.dll
0x00007fffe36a0000 - 0x00007fffe3744000 	C:\WINDOWS\System32\sechost.dll
0x00007fffe3050000 - 0x00007fffe3167000 	C:\WINDOWS\System32\RPCRT4.dll
0x00007fffc0990000 - 0x00007fffc0999000 	C:\WINDOWS\SYSTEM32\WSOCK32.dll
0x00007fffd0600000 - 0x00007fffd060a000 	C:\WINDOWS\SYSTEM32\VERSION.dll
0x00007fffe3750000 - 0x00007fffe37c1000 	C:\WINDOWS\System32\WS2_32.dll
0x00007fffcbe40000 - 0x00007fffcbe74000 	C:\WINDOWS\SYSTEM32\WINMM.dll
0x00007fffe0770000 - 0x00007fffe0788000 	C:\WINDOWS\SYSTEM32\kernel.appcore.dll
0x00007fffcdae0000 - 0x00007fffcdaea000 	C:\Users\Lussy Amanta\Downloads\sts-4.17.2.RELEASE\plugins\org.eclipse.justj.openjdk.hotspot.jre.full.win32.x86_64_17.0.6.v20230125-1136\jre\bin\jimage.dll
0x00007fffdc060000 - 0x00007fffdc28e000 	C:\WINDOWS\SYSTEM32\DBGHELP.DLL
0x00007fffe24f0000 - 0x00007fffe2879000 	C:\WINDOWS\System32\combase.dll
0x00007fffe3860000 - 0x00007fffe3937000 	C:\WINDOWS\System32\OLEAUT32.dll
0x00007fffcd6f0000 - 0x00007fffcd722000 	C:\WINDOWS\SYSTEM32\dbgcore.DLL
0x00007fffe1ca0000 - 0x00007fffe1d1b000 	C:\WINDOWS\System32\bcryptPrimitives.dll
0x00007fffc5db0000 - 0x00007fffc5dd5000 	C:\Users\Lussy Amanta\Downloads\sts-4.17.2.RELEASE\plugins\org.eclipse.justj.openjdk.hotspot.jre.full.win32.x86_64_17.0.6.v20230125-1136\jre\bin\java.dll
0x00007fffcc720000 - 0x00007fffcc738000 	C:\Users\Lussy Amanta\Downloads\sts-4.17.2.RELEASE\plugins\org.eclipse.justj.openjdk.hotspot.jre.full.win32.x86_64_17.0.6.v20230125-1136\jre\bin\zip.dll
0x00007fffe3ab0000 - 0x00007fffe42aa000 	C:\WINDOWS\System32\SHELL32.dll
0x00007fffdf6a0000 - 0x00007fffdff6e000 	C:\WINDOWS\SYSTEM32\windows.storage.dll
0x00007fffdf560000 - 0x00007fffdf69e000 	C:\WINDOWS\SYSTEM32\wintypes.dll
0x00007fffe20d0000 - 0x00007fffe21c1000 	C:\WINDOWS\System32\SHCORE.dll
0x00007fffe23a0000 - 0x00007fffe23fe000 	C:\WINDOWS\System32\shlwapi.dll
0x00007fffe1620000 - 0x00007fffe1641000 	C:\WINDOWS\SYSTEM32\profapi.dll
0x00007fffcc260000 - 0x00007fffcc279000 	C:\Users\Lussy Amanta\Downloads\sts-4.17.2.RELEASE\plugins\org.eclipse.justj.openjdk.hotspot.jre.full.win32.x86_64_17.0.6.v20230125-1136\jre\bin\net.dll
0x00007fffd6fd0000 - 0x00007fffd7107000 	C:\WINDOWS\SYSTEM32\WINHTTP.dll
0x00007fffe0c80000 - 0x00007fffe0ce9000 	C:\WINDOWS\system32\mswsock.dll
0x00007fffcaf40000 - 0x00007fffcaf55000 	C:\Users\Lussy Amanta\Downloads\sts-4.17.2.RELEASE\plugins\org.eclipse.justj.openjdk.hotspot.jre.full.win32.x86_64_17.0.6.v20230125-1136\jre\bin\nio.dll
0x00007fffcc770000 - 0x00007fffcc779000 	C:\Users\Lussy Amanta\Downloads\sts-4.17.2.RELEASE\plugins\org.eclipse.justj.openjdk.hotspot.jre.full.win32.x86_64_17.0.6.v20230125-1136\jre\bin\management.dll
0x00007fffc9390000 - 0x00007fffc939b000 	C:\Users\Lussy Amanta\Downloads\sts-4.17.2.RELEASE\plugins\org.eclipse.justj.openjdk.hotspot.jre.full.win32.x86_64_17.0.6.v20230125-1136\jre\bin\management_ext.dll
0x00007fffe21d0000 - 0x00007fffe21d8000 	C:\WINDOWS\System32\PSAPI.DLL

dbghelp: loaded successfully - version: 4.0.5 - missing functions: none
symbol engine: initialized successfully - sym options: 0x614 - pdb path: .;C:\Users\Lussy Amanta\Downloads\sts-4.17.2.RELEASE\plugins\org.eclipse.justj.openjdk.hotspot.jre.full.win32.x86_64_17.0.6.v20230125-1136\jre\bin;C:\WINDOWS\SYSTEM32;C:\WINDOWS\WinSxS\amd64_microsoft.windows.common-controls_6595b64144ccf1df_6.0.22621.1635_none_270f70857386168e;C:\Users\Lussy Amanta\Downloads\sts-4.17.2.RELEASE\plugins\org.eclipse.justj.openjdk.hotspot.jre.full.win32.x86_64_17.0.6.v20230125-1136\jre\bin\server

VM Arguments:
jvm_args: -Dcom.sun.management.jmxremote -Dcom.sun.management.jmxremote.port=53883 -Dcom.sun.management.jmxremote.authenticate=false -Dcom.sun.management.jmxremote.ssl=false -Djava.rmi.server.hostname=localhost -Dspring.jmx.enabled=true -Dmanagement.endpoints.jmx.exposure.include=* -Dspring.application.admin.enabled=true --add-opens=java.base/java.nio=ALL-UNNAMED -XX:TieredStopAtLevel=1 -Dspring.boot.project.name=order-service -Dfile.encoding=UTF-8 -XX:+ShowCodeDetailsInExceptionMessages 
java_command: snow.orderService.orderservice.OrderServiceApplication --spring.output.ansi.enabled=always
java_class_path (initial): D:\Order_service\order-service\order-service\target\classes;C:\Users\Lussy Amanta\.m2\repository\org\springframework\boot\spring-boot-starter-data-jpa\3.1.1\spring-boot-starter-data-jpa-3.1.1.jar;C:\Users\Lussy Amanta\.m2\repository\org\springframework\boot\spring-boot-starter-aop\3.1.1\spring-boot-starter-aop-3.1.1.jar;C:\Users\Lussy Amanta\.m2\repository\org\springframework\spring-aop\6.0.10\spring-aop-6.0.10.jar;C:\Users\Lussy Amanta\.m2\repository\org\aspectj\aspectjweaver\1.9.19\aspectjweaver-1.9.19.jar;C:\Users\Lussy Amanta\.m2\repository\org\springframework\boot\spring-boot-starter-jdbc\3.1.1\spring-boot-starter-jdbc-3.1.1.jar;C:\Users\Lussy Amanta\.m2\repository\com\zaxxer\HikariCP\5.0.1\HikariCP-5.0.1.jar;C:\Users\Lussy Amanta\.m2\repository\org\springframework\spring-jdbc\6.0.10\spring-jdbc-6.0.10.jar;C:\Users\Lussy Amanta\.m2\repository\org\hibernate\orm\hibernate-core\6.2.5.Final\hibernate-core-6.2.5.Final.jar;C:\Users\Lussy Amanta\.m2\repository\jakarta\persistence\jakarta.persistence-api\3.1.0\jakarta.persistence-api-3.1.0.jar;C:\Users\Lussy Amanta\.m2\repository\jakarta\transaction\jakarta.transaction-api\2.0.1\jakarta.transaction-api-2.0.1.jar;C:\Users\Lussy Amanta\.m2\repository\org\jboss\logging\jboss-logging\3.5.1.Final\jboss-logging-3.5.1.Final.jar;C:\Users\Lussy Amanta\.m2\repository\org\hibernate\common\hibernate-commons-annotations\6.0.6.Final\hibernate-commons-annotations-6.0.6.Final.jar;C:\Users\Lussy Amanta\.m2\repository\io\smallrye\jandex\3.0.5\jandex-3.0.5.jar;C:\Users\Lussy Amanta\.m2\repository\com\fasterxml\classmate\1.5.1\classmate-1.5.1.jar;C:\Users\Lussy Amanta\.m2\repository\net\bytebuddy\byte-buddy\1.14.5\byte-buddy-1.14.5.jar;C:\Users\Lussy Amanta\.m2\repository\org\glassfish\jaxb\jaxb-runtime\4.0.3\jaxb-runtime-4.0.3.jar;C:\Users\Lussy Amanta\.m2\repository\org\glassfish\jaxb\jaxb-core\4.0.3\jaxb-core-4.0.3.jar;C:\Users\Lussy Amanta\.m2\repository\org\eclipse\angus\angus-activation\2.0.1\angus-activ
Launcher Type: SUN_STANDARD

[Global flags]
     intx CICompilerCount                          = 4                                         {product} {ergonomic}
     uint ConcGCThreads                            = 2                                         {product} {ergonomic}
     uint G1ConcRefinementThreads                  = 8                                         {product} {ergonomic}
   size_t G1HeapRegionSize                         = 1048576                                   {product} {ergonomic}
    uintx GCDrainStackTargetSize                   = 64                                        {product} {ergonomic}
   size_t InitialHeapSize                          = 132120576                                 {product} {ergonomic}
     bool ManagementServer                         = true                                      {product} {command line}
   size_t MarkStackSize                            = 4194304                                   {product} {ergonomic}
   size_t MaxHeapSize                              = 2103443456                                {product} {ergonomic}
   size_t MaxNewSize                               = 1261436928                                {product} {ergonomic}
   size_t MinHeapDeltaBytes                        = 1048576                                   {product} {ergonomic}
   size_t MinHeapSize                              = 8388608                                   {product} {ergonomic}
    uintx NonProfiledCodeHeapSize                  = 0                                      {pd product} {ergonomic}
     bool ProfileInterpreter                       = false                                  {pd product} {command line}
    uintx ProfiledCodeHeapSize                     = 0                                      {pd product} {ergonomic}
     bool ShowCodeDetailsInExceptionMessages       = true                                   {manageable} {command line}
   size_t SoftMaxHeapSize                          = 2103443456                             {manageable} {ergonomic}
     intx TieredStopAtLevel                        = 1                                         {product} {command line}
     bool UseCompressedClassPointers               = true                           {product lp64_product} {ergonomic}
     bool UseCompressedOops                        = true                           {product lp64_product} {ergonomic}
     bool UseG1GC                                  = true                                      {product} {ergonomic}
     bool UseLargePagesIndividualAllocation        = false                                  {pd product} {ergonomic}

Logging:
Log output configuration:
 #0: stdout all=warning uptime,level,tags
 #1: stderr all=off uptime,level,tags

Environment Variables:
JAVA_HOME=C:\Program Files\Java\jdk1.8.0_202
PATH=C:/Users/Lussy Amanta/Downloads/sts-4.17.2.RELEASE//plugins/org.eclipse.justj.openjdk.hotspot.jre.full.win32.x86_64_17.0.6.v20230125-1136/jre/bin/server;C:/Users/Lussy Amanta/Downloads/sts-4.17.2.RELEASE//plugins/org.eclipse.justj.openjdk.hotspot.jre.full.win32.x86_64_17.0.6.v20230125-1136/jre/bin;C:\Program Files (x86)\Common Files\Oracle\Java\javapath;C:\OracleDB\dbhomeXE\bin;C:\Oracle\WINDOWS.X64_193000_db_home\bin;D:\DevSuiteHome_2\bin;D:\DevSuiteHome_2\jdk\jre\bin\classic;D:\DevSuiteHome_2\jdk\jre\bin;D:\DevSuiteHome_2\jdk\jre\bin\client;D:\DevSuiteHome_2\jlib;D:\DevSuiteHome_2\jre\1.4.2\bin\client;D:\DevSuiteHome_2\jre\1.4.2\bin;D:\OraHome1\bin;C:\Program Files (x86)\Oracle\jre\1.1.8\bin;C:\Windows\system32;C:\Windows;C:\Windows\System32\Wbem;C:\Windows\System32\WindowsPowerShell\v1.0\;C:\Windows\System32\OpenSSH\;C:\Program Files (x86)\NVIDIA Corporation\PhysX\Common;C:\Program Files\NVIDIA Corporation\NVIDIA NvDLISR;C:\WINDOWS\system32;C:\WINDOWS;C:\WINDOWS\System32\Wbem;C:\WINDOWS\System32\WindowsPowerShell\v1.0\;C:\WINDOWS\System32\OpenSSH\;C:\Program Files (x86)\dotnet\;C:\Program Files\PuTTY\;C:\Program Files (x86)\Microsoft SQL Server\160\Tools\Binn\;C:\Program Files\Microsoft SQL Server\160\Tools\Binn\;C:\Program Files\Microsoft SQL Server\Client SDK\ODBC\170\Tools\Binn\;C:\Program Files\Microsoft SQL Server\160\DTS\Binn\;C:\Program Files (x86)\Microsoft SQL Server\160\DTS\Binn\;C:\Program Files\Azure Data Studio\bin;C:\Program Files\Git\cmd;C:\Program Files\Snowflake SnowSQL\;C:\Program Files\Docker\Docker\resources\bin;C:\Users\Lussy Amanta\AppData\Local\Programs\Python\Python311\Scripts\;C:\Users\Lussy Amanta\AppData\Local\Programs\Python\Python311\;C:\Users\Lussy Amanta\AppData\Local\Microsoft\WindowsApps;C:\Program Files\JetBrains\PyCharm Community Edition 2022.2.4\bin;;C:\Program Files\Java\jdk1.8.0_202\bin;C:\Users\Lussy Amanta\Downloads\apache-maven-3.9.0-bin\apache-maven-3.9.0\bin;C:\Program Files\Azure Data Studio\bin;C:\Users\Lussy Amanta\
USERNAME=Lussy Amanta
OS=Windows_NT
PROCESSOR_IDENTIFIER=Intel64 Family 6 Model 142 Stepping 12, GenuineIntel
TMP=C:\Users\LUSSYA~1\AppData\Local\Temp
TEMP=C:\Users\LUSSYA~1\AppData\Local\Temp



---------------  S Y S T E M  ---------------

OS:
 Windows 11 , 64 bit Build 22621 (10.0.22621.1778)
OS uptime: 1 days 10:41 hours
Hyper-V role detected

CPU: total 8 (initial active 8) (4 cores per cpu, 2 threads per core) family 6 model 142 stepping 12 microcode 0xde, cx8, cmov, fxsr, ht, mmx, 3dnowpref, sse, sse2, sse3, ssse3, sse4.1, sse4.2, popcnt, lzcnt, tsc, tscinvbit, avx, avx2, aes, erms, clmul, bmi1, bmi2, adx, fma, vzeroupper, clflush, clflushopt, hv

Memory: 4k page, system-wide physical 8022M (302M free)
TotalPageFile size 16022M (AvailPageFile size 2M)
current process WorkingSet (physical memory assigned to process): 48M, peak: 48M
current process commit charge ("private bytes"): 205M, peak: 205M

vm_info: OpenJDK 64-Bit Server VM (17.0.6+10) for windows-amd64 JRE (17.0.6+10), built on Jan 18 2023 10:08:59 by "temurin" with MS VC++ 16.7 (VS2019)

END.
